<?xml version="1.0" encoding="UTF-8"?>
<!-- Generated by org.testng.reporters.JUnitReportReporter -->
<testsuite skipped="0" hostname="IM-LP-156" name="Sample.Git" tests="1" failures="0" timestamp="02 Feb 2019 12:43:10 GMT" time="1.881" errors="0">
  <testcase name="test" time="1.881" classname="Sample.Git"/>
</testsuite> <!-- Sample.Git -->
